[0.006s] Invoking command in '/home/addinedu/ros_ws/urdf_study/build/urdf_study': CMAKE_PREFIX_PATH=/opt/ros/humble /usr/bin/cmake /home/addinedu/ros_ws/urdf_study/src/urdf_study -DCMAKE_INSTALL_PREFIX=/home/addinedu/ros_ws/urdf_study/install/urdf_study
[0.128s] -- The C compiler identification is GNU 11.4.0
[0.211s] -- The CXX compiler identification is GNU 11.4.0
[0.219s] -- Detecting C compiler ABI info
[0.274s] -- Detecting C compiler ABI info - done
[0.281s] -- Check for working C compiler: /usr/bin/cc - skipped
[0.281s] -- Detecting C compile features
[0.283s] -- Detecting C compile features - done
[0.286s] -- Detecting CXX compiler ABI info
[0.344s] -- Detecting CXX compiler ABI info - done
[0.349s] -- Check for working CXX compiler: /usr/bin/c++ - skipped
[0.349s] -- Detecting CXX compile features
[0.349s] -- Detecting CXX compile features - done
[0.352s] -- Found ament_cmake: 1.3.8 (/opt/ros/humble/share/ament_cmake/cmake)
[0.453s] -- Found Python3: /usr/bin/python3 (found version "3.10.12") found components: Interpreter 
[0.526s] -- Found ament_lint_auto: 0.12.10 (/opt/ros/humble/share/ament_lint_auto/cmake)
[0.584s] -- Added test 'lint_cmake' to check CMake code style
[0.586s] -- Added test 'xmllint' to check XML markup files
[0.587s] -- Configuring done
[0.589s] -- Generating done
[0.590s] -- Build files have been written to: /home/addinedu/ros_ws/urdf_study/build/urdf_study
[0.593s] Invoked command in '/home/addinedu/ros_ws/urdf_study/build/urdf_study' returned '0': CMAKE_PREFIX_PATH=/opt/ros/humble /usr/bin/cmake /home/addinedu/ros_ws/urdf_study/src/urdf_study -DCMAKE_INSTALL_PREFIX=/home/addinedu/ros_ws/urdf_study/install/urdf_study
[0.595s] Invoking command in '/home/addinedu/ros_ws/urdf_study/build/urdf_study': CMAKE_PREFIX_PATH=/opt/ros/humble /usr/bin/cmake --build /home/addinedu/ros_ws/urdf_study/build/urdf_study -- -j8 -l8
[0.626s] Invoked command in '/home/addinedu/ros_ws/urdf_study/build/urdf_study' returned '0': CMAKE_PREFIX_PATH=/opt/ros/humble /usr/bin/cmake --build /home/addinedu/ros_ws/urdf_study/build/urdf_study -- -j8 -l8
[0.668s] Invoking command in '/home/addinedu/ros_ws/urdf_study/build/urdf_study': CMAKE_PREFIX_PATH=/opt/ros/humble /usr/bin/cmake --install /home/addinedu/ros_ws/urdf_study/build/urdf_study
[0.676s] -- Install configuration: ""
[0.676s] -- Installing: /home/addinedu/ros_ws/urdf_study/install/urdf_study/share/ament_index/resource_index/package_run_dependencies/urdf_study
[0.676s] -- Installing: /home/addinedu/ros_ws/urdf_study/install/urdf_study/share/ament_index/resource_index/parent_prefix_path/urdf_study
[0.676s] -- Installing: /home/addinedu/ros_ws/urdf_study/install/urdf_study/share/urdf_study/environment/ament_prefix_path.sh
[0.676s] -- Installing: /home/addinedu/ros_ws/urdf_study/install/urdf_study/share/urdf_study/environment/ament_prefix_path.dsv
[0.676s] -- Installing: /home/addinedu/ros_ws/urdf_study/install/urdf_study/share/urdf_study/environment/path.sh
[0.676s] -- Installing: /home/addinedu/ros_ws/urdf_study/install/urdf_study/share/urdf_study/environment/path.dsv
[0.677s] -- Installing: /home/addinedu/ros_ws/urdf_study/install/urdf_study/share/urdf_study/local_setup.bash
[0.677s] -- Installing: /home/addinedu/ros_ws/urdf_study/install/urdf_study/share/urdf_study/local_setup.sh
[0.677s] -- Installing: /home/addinedu/ros_ws/urdf_study/install/urdf_study/share/urdf_study/local_setup.zsh
[0.677s] -- Installing: /home/addinedu/ros_ws/urdf_study/install/urdf_study/share/urdf_study/local_setup.dsv
[0.677s] -- Installing: /home/addinedu/ros_ws/urdf_study/install/urdf_study/share/urdf_study/package.dsv
[0.677s] -- Installing: /home/addinedu/ros_ws/urdf_study/install/urdf_study/share/ament_index/resource_index/packages/urdf_study
[0.677s] -- Installing: /home/addinedu/ros_ws/urdf_study/install/urdf_study/share/urdf_study/cmake/urdf_studyConfig.cmake
[0.677s] -- Installing: /home/addinedu/ros_ws/urdf_study/install/urdf_study/share/urdf_study/cmake/urdf_studyConfig-version.cmake
[0.678s] -- Installing: /home/addinedu/ros_ws/urdf_study/install/urdf_study/share/urdf_study/package.xml
[0.679s] Invoked command in '/home/addinedu/ros_ws/urdf_study/build/urdf_study' returned '0': CMAKE_PREFIX_PATH=/opt/ros/humble /usr/bin/cmake --install /home/addinedu/ros_ws/urdf_study/build/urdf_study
