[0.007s] Invoking command in '/home/addinedu/ros_ws/urdf_study/build/urdf_study': CMAKE_PREFIX_PATH=${CMAKE_PREFIX_PATH}:/opt/ros/humble /usr/bin/cmake --build /home/addinedu/ros_ws/urdf_study/build/urdf_study -- -j8 -l8
[0.033s] Invoked command in '/home/addinedu/ros_ws/urdf_study/build/urdf_study' returned '0': CMAKE_PREFIX_PATH=${CMAKE_PREFIX_PATH}:/opt/ros/humble /usr/bin/cmake --build /home/addinedu/ros_ws/urdf_study/build/urdf_study -- -j8 -l8
[0.055s] Invoking command in '/home/addinedu/ros_ws/urdf_study/build/urdf_study': CMAKE_PREFIX_PATH=${CMAKE_PREFIX_PATH}:/opt/ros/humble /usr/bin/cmake --install /home/addinedu/ros_ws/urdf_study/build/urdf_study
[0.061s] -- Install configuration: ""
[0.061s] -- Up-to-date: /home/addinedu/ros_ws/urdf_study/install/urdf_study/share/urdf_study/launch
[0.061s] -- Installing: /home/addinedu/ros_ws/urdf_study/install/urdf_study/share/urdf_study/launch/simple_display.launch.py
[0.061s] -- Up-to-date: /home/addinedu/ros_ws/urdf_study/install/urdf_study/share/urdf_study/urdf
[0.061s] -- Installing: /home/addinedu/ros_ws/urdf_study/install/urdf_study/share/urdf_study/urdf/pan_tilt.urdf
[0.062s] -- Up-to-date: /home/addinedu/ros_ws/urdf_study/install/urdf_study/share/urdf_study/urdf/myfirst.urdf
[0.062s] -- Up-to-date: /home/addinedu/ros_ws/urdf_study/install/urdf_study/share/urdf_study/rviz
[0.062s] -- Up-to-date: /home/addinedu/ros_ws/urdf_study/install/urdf_study/share/urdf_study/rviz/urdf.rviz
[0.062s] -- Up-to-date: /home/addinedu/ros_ws/urdf_study/install/urdf_study/share/ament_index/resource_index/package_run_dependencies/urdf_study
[0.062s] -- Up-to-date: /home/addinedu/ros_ws/urdf_study/install/urdf_study/share/ament_index/resource_index/parent_prefix_path/urdf_study
[0.062s] -- Up-to-date: /home/addinedu/ros_ws/urdf_study/install/urdf_study/share/urdf_study/environment/ament_prefix_path.sh
[0.062s] -- Up-to-date: /home/addinedu/ros_ws/urdf_study/install/urdf_study/share/urdf_study/environment/ament_prefix_path.dsv
[0.062s] -- Up-to-date: /home/addinedu/ros_ws/urdf_study/install/urdf_study/share/urdf_study/environment/path.sh
[0.062s] -- Up-to-date: /home/addinedu/ros_ws/urdf_study/install/urdf_study/share/urdf_study/environment/path.dsv
[0.062s] -- Up-to-date: /home/addinedu/ros_ws/urdf_study/install/urdf_study/share/urdf_study/local_setup.bash
[0.062s] -- Up-to-date: /home/addinedu/ros_ws/urdf_study/install/urdf_study/share/urdf_study/local_setup.sh
[0.062s] -- Up-to-date: /home/addinedu/ros_ws/urdf_study/install/urdf_study/share/urdf_study/local_setup.zsh
[0.062s] -- Up-to-date: /home/addinedu/ros_ws/urdf_study/install/urdf_study/share/urdf_study/local_setup.dsv
[0.063s] -- Up-to-date: /home/addinedu/ros_ws/urdf_study/install/urdf_study/share/urdf_study/package.dsv
[0.063s] -- Up-to-date: /home/addinedu/ros_ws/urdf_study/install/urdf_study/share/ament_index/resource_index/packages/urdf_study
[0.063s] -- Up-to-date: /home/addinedu/ros_ws/urdf_study/install/urdf_study/share/urdf_study/cmake/urdf_studyConfig.cmake
[0.063s] -- Up-to-date: /home/addinedu/ros_ws/urdf_study/install/urdf_study/share/urdf_study/cmake/urdf_studyConfig-version.cmake
[0.063s] -- Up-to-date: /home/addinedu/ros_ws/urdf_study/install/urdf_study/share/urdf_study/package.xml
[0.064s] Invoked command in '/home/addinedu/ros_ws/urdf_study/build/urdf_study' returned '0': CMAKE_PREFIX_PATH=${CMAKE_PREFIX_PATH}:/opt/ros/humble /usr/bin/cmake --install /home/addinedu/ros_ws/urdf_study/build/urdf_study
