[0.007s] Invoking command in '/home/addinedu/ros_ws/urdf_study/build/urdf_study': CMAKE_PREFIX_PATH=/opt/ros/humble /usr/bin/cmake --build /home/addinedu/ros_ws/urdf_study/build/urdf_study -- -j8 -l8
[0.023s] -- Found ament_cmake: 1.3.8 (/opt/ros/humble/share/ament_cmake/cmake)
[0.101s] -- Found ament_lint_auto: 0.12.10 (/opt/ros/humble/share/ament_lint_auto/cmake)
[0.144s] -- Added test 'flake8' to check Python code syntax and style conventions
[0.145s] -- Added test 'lint_cmake' to check CMake code style
[0.145s] -- Added test 'pep257' to check Python code against some of the docstring style conventions in PEP 257
[0.145s] -- Added test 'xmllint' to check XML markup files
[0.146s] -- Configuring done
[0.147s] -- Generating done
[0.148s] -- Build files have been written to: /home/addinedu/ros_ws/urdf_study/build/urdf_study
[0.165s] Invoked command in '/home/addinedu/ros_ws/urdf_study/build/urdf_study' returned '0': CMAKE_PREFIX_PATH=/opt/ros/humble /usr/bin/cmake --build /home/addinedu/ros_ws/urdf_study/build/urdf_study -- -j8 -l8
[0.187s] Invoking command in '/home/addinedu/ros_ws/urdf_study/build/urdf_study': CMAKE_PREFIX_PATH=/opt/ros/humble /usr/bin/cmake --install /home/addinedu/ros_ws/urdf_study/build/urdf_study
[0.193s] -- Install configuration: ""
[0.193s] -- Installing: /home/addinedu/ros_ws/urdf_study/install/urdf_study/share/urdf_study/launch
[0.193s] -- Installing: /home/addinedu/ros_ws/urdf_study/install/urdf_study/share/urdf_study/launch/simple_display.launch.py
[0.193s] -- Installing: /home/addinedu/ros_ws/urdf_study/install/urdf_study/share/urdf_study/urdf
[0.193s] -- Installing: /home/addinedu/ros_ws/urdf_study/install/urdf_study/share/urdf_study/urdf/myfirst.urdf
[0.193s] -- Up-to-date: /home/addinedu/ros_ws/urdf_study/install/urdf_study/share/ament_index/resource_index/package_run_dependencies/urdf_study
[0.193s] -- Up-to-date: /home/addinedu/ros_ws/urdf_study/install/urdf_study/share/ament_index/resource_index/parent_prefix_path/urdf_study
[0.193s] -- Up-to-date: /home/addinedu/ros_ws/urdf_study/install/urdf_study/share/urdf_study/environment/ament_prefix_path.sh
[0.193s] -- Installing: /home/addinedu/ros_ws/urdf_study/install/urdf_study/share/urdf_study/environment/ament_prefix_path.dsv
[0.193s] -- Up-to-date: /home/addinedu/ros_ws/urdf_study/install/urdf_study/share/urdf_study/environment/path.sh
[0.193s] -- Installing: /home/addinedu/ros_ws/urdf_study/install/urdf_study/share/urdf_study/environment/path.dsv
[0.193s] -- Up-to-date: /home/addinedu/ros_ws/urdf_study/install/urdf_study/share/urdf_study/local_setup.bash
[0.193s] -- Up-to-date: /home/addinedu/ros_ws/urdf_study/install/urdf_study/share/urdf_study/local_setup.sh
[0.193s] -- Up-to-date: /home/addinedu/ros_ws/urdf_study/install/urdf_study/share/urdf_study/local_setup.zsh
[0.194s] -- Installing: /home/addinedu/ros_ws/urdf_study/install/urdf_study/share/urdf_study/local_setup.dsv
[0.194s] -- Installing: /home/addinedu/ros_ws/urdf_study/install/urdf_study/share/urdf_study/package.dsv
[0.194s] -- Up-to-date: /home/addinedu/ros_ws/urdf_study/install/urdf_study/share/ament_index/resource_index/packages/urdf_study
[0.194s] -- Up-to-date: /home/addinedu/ros_ws/urdf_study/install/urdf_study/share/urdf_study/cmake/urdf_studyConfig.cmake
[0.194s] -- Up-to-date: /home/addinedu/ros_ws/urdf_study/install/urdf_study/share/urdf_study/cmake/urdf_studyConfig-version.cmake
[0.194s] -- Up-to-date: /home/addinedu/ros_ws/urdf_study/install/urdf_study/share/urdf_study/package.xml
[0.195s] Invoked command in '/home/addinedu/ros_ws/urdf_study/build/urdf_study' returned '0': CMAKE_PREFIX_PATH=/opt/ros/humble /usr/bin/cmake --install /home/addinedu/ros_ws/urdf_study/build/urdf_study
